<?xml version="1.0" encoding="UTF-8"?>
<coverage generated="1507723232">
  <project timestamp="1507723232">
    <package name="LukePOLO\LaraCart">
      <file name="/Users/LukePOLO/PhpstormProjects/laracart/src/Cart.php">
        <class name="Cart" namespace="LukePOLO\LaraCart">
          <metrics methods="1" coveredmethods="1" conditionals="0" coveredconditionals="0" statements="6" coveredstatements="6" elements="7" coveredelements="7"/>
        </class>
        <line num="25" type="method" name="__construct" crap="1" count="97"/>
        <line num="27" type="stmt" count="97"/>
        <line num="28" type="stmt" count="97"/>
        <line num="29" type="stmt" count="97"/>
        <line num="30" type="stmt" count="97"/>
        <line num="31" type="stmt" count="97"/>
        <line num="32" type="stmt" count="97"/>
        <metrics loc="33" ncloc="25" classes="1" methods="1" coveredmethods="1" conditionals="0" coveredconditionals="0" statements="6" coveredstatements="6" elements="7" coveredelements="7"/>
      </file>
      <file name="/Users/LukePOLO/PhpstormProjects/laracart/src/CartFee.php">
        <class name="CartFee" namespace="LukePOLO\LaraCart">
          <metrics methods="2" coveredmethods="2" conditionals="0" coveredconditionals="0" statements="9" coveredstatements="9" elements="11" coveredelements="11"/>
        </class>
        <line num="27" type="method" name="__construct" crap="3" count="15"/>
        <line num="29" type="stmt" count="15"/>
        <line num="30" type="stmt" count="15"/>
        <line num="31" type="stmt" count="15"/>
        <line num="32" type="stmt" count="15"/>
        <line num="33" type="stmt" count="15"/>
        <line num="43" type="method" name="getAmount" crap="2" count="6"/>
        <line num="45" type="stmt" count="6"/>
        <line num="47" type="stmt" count="6"/>
        <line num="48" type="stmt" count="2"/>
        <line num="51" type="stmt" count="6"/>
        <metrics loc="53" ncloc="35" classes="1" methods="2" coveredmethods="2" conditionals="0" coveredconditionals="0" statements="9" coveredstatements="9" elements="11" coveredelements="11"/>
      </file>
      <file name="/Users/LukePOLO/PhpstormProjects/laracart/src/CartItem.php">
        <class name="CartItem" namespace="LukePOLO\LaraCart">
          <metrics methods="17" coveredmethods="17" conditionals="0" coveredconditionals="0" statements="99" coveredstatements="99" elements="116" coveredelements="116"/>
        </class>
        <line num="54" type="method" name="__construct" crap="2" count="73"/>
        <line num="56" type="stmt" count="73"/>
        <line num="57" type="stmt" count="73"/>
        <line num="58" type="stmt" count="73"/>
        <line num="59" type="stmt" count="73"/>
        <line num="60" type="stmt" count="73"/>
        <line num="61" type="stmt" count="73"/>
        <line num="62" type="stmt" count="73"/>
        <line num="63" type="stmt" count="73"/>
        <line num="64" type="stmt" count="73"/>
        <line num="66" type="stmt" count="73"/>
        <line num="67" type="stmt" count="73"/>
        <line num="69" type="stmt" count="73"/>
        <line num="78" type="method" name="generateHash" crap="4" count="73"/>
        <line num="80" type="stmt" count="73"/>
        <line num="81" type="stmt" count="71"/>
        <line num="83" type="stmt" count="71"/>
        <line num="85" type="stmt" count="71"/>
        <line num="87" type="stmt" count="71"/>
        <line num="89" type="stmt" count="71"/>
        <line num="90" type="stmt" count="73"/>
        <line num="91" type="stmt" count="73"/>
        <line num="94" type="stmt" count="73"/>
        <line num="95" type="stmt" count="73"/>
        <line num="96" type="stmt" count="73"/>
        <line num="97" type="stmt" count="73"/>
        <line num="101" type="stmt" count="73"/>
        <line num="109" type="method" name="getHash" crap="1" count="73"/>
        <line num="111" type="stmt" count="73"/>
        <line num="119" type="method" name="find" crap="3" count="6"/>
        <line num="121" type="stmt" count="6"/>
        <line num="122" type="stmt" count="6"/>
        <line num="123" type="stmt" count="6"/>
        <line num="127" type="stmt" count="5"/>
        <line num="137" type="method" name="findSubItem" crap="1" count="2"/>
        <line num="139" type="stmt" count="2"/>
        <line num="150" type="method" name="addSubItem" crap="2" count="11"/>
        <line num="152" type="stmt" count="11"/>
        <line num="154" type="stmt" count="11"/>
        <line num="156" type="stmt" count="11"/>
        <line num="158" type="stmt" count="11"/>
        <line num="159" type="stmt" count="11"/>
        <line num="162" type="stmt" count="11"/>
        <line num="170" type="method" name="removeSubItem" crap="1" count="1"/>
        <line num="172" type="stmt" count="1"/>
        <line num="174" type="stmt" count="1"/>
        <line num="175" type="stmt" count="1"/>
        <line num="186" type="method" name="price" crap="3" count="32"/>
        <line num="188" type="stmt" count="32"/>
        <line num="190" type="stmt" count="32"/>
        <line num="191" type="stmt" count="32"/>
        <line num="193" type="stmt" count="32"/>
        <line num="194" type="stmt" count="3"/>
        <line num="198" type="stmt" count="32"/>
        <line num="199" type="stmt" count="32"/>
        <line num="200" type="stmt" count="32"/>
        <line num="201" type="stmt" count="32"/>
        <line num="215" type="method" name="subTotal" crap="3" count="31"/>
        <line num="217" type="stmt" count="31"/>
        <line num="219" type="stmt" count="31"/>
        <line num="220" type="stmt" count="30"/>
        <line num="223" type="stmt" count="31"/>
        <line num="224" type="stmt" count="3"/>
        <line num="227" type="stmt" count="31"/>
        <line num="239" type="method" name="subItemsTotal" crap="4" count="33"/>
        <line num="241" type="stmt" count="33"/>
        <line num="243" type="stmt" count="33"/>
        <line num="244" type="stmt" count="7"/>
        <line num="247" type="stmt" count="33"/>
        <line num="248" type="stmt" count="3"/>
        <line num="251" type="stmt" count="33"/>
        <line num="261" type="method" name="getDiscount" crap="2" count="30"/>
        <line num="263" type="stmt" count="30"/>
        <line num="265" type="stmt" count="30"/>
        <line num="266" type="stmt" count="10"/>
        <line num="269" type="stmt" count="30"/>
        <line num="270" type="stmt" count="30"/>
        <line num="271" type="stmt" count="30"/>
        <line num="272" type="stmt" count="30"/>
        <line num="273" type="stmt" count="30"/>
        <line num="284" type="method" name="tax" crap="4" count="24"/>
        <line num="286" type="stmt" count="24"/>
        <line num="287" type="stmt" count="5"/>
        <line num="290" type="stmt" count="24"/>
        <line num="291" type="stmt" count="2"/>
        <line num="292" type="stmt" count="2"/>
        <line num="293" type="stmt" count="2"/>
        <line num="294" type="stmt" count="2"/>
        <line num="295" type="stmt" count="2"/>
        <line num="298" type="stmt" count="2"/>
        <line num="301" type="stmt" count="23"/>
        <line num="312" type="method" name="setModel" crap="2" count="2"/>
        <line num="314" type="stmt" count="2"/>
        <line num="315" type="stmt" count="1"/>
        <line num="318" type="stmt" count="1"/>
        <line num="319" type="stmt" count="1"/>
        <line num="320" type="stmt" count="1"/>
        <line num="327" type="method" name="getModel" crap="2" count="1"/>
        <line num="329" type="stmt" count="1"/>
        <line num="331" type="stmt" count="1"/>
        <line num="332" type="stmt" count="1"/>
        <line num="335" type="stmt" count="1"/>
        <line num="345" type="method" name="searchForSubItem" crap="3" count="1"/>
        <line num="347" type="stmt" count="1"/>
        <line num="349" type="stmt" count="1"/>
        <line num="350" type="stmt" count="1"/>
        <line num="351" type="stmt" count="1"/>
        <line num="355" type="stmt" count="1"/>
        <line num="358" type="method" name="disable" crap="1" count="1"/>
        <line num="360" type="stmt" count="1"/>
        <line num="361" type="stmt" count="1"/>
        <line num="362" type="stmt" count="1"/>
        <line num="364" type="method" name="enable" crap="1" count="1"/>
        <line num="366" type="stmt" count="1"/>
        <line num="367" type="stmt" count="1"/>
        <line num="368" type="stmt" count="1"/>
        <metrics loc="369" ncloc="248" classes="1" methods="17" coveredmethods="17" conditionals="0" coveredconditionals="0" statements="99" coveredstatements="99" elements="116" coveredelements="116"/>
      </file>
      <file name="/Users/LukePOLO/PhpstormProjects/laracart/src/CartSubItem.php">
        <class name="CartSubItem" namespace="LukePOLO\LaraCart">
          <metrics methods="4" coveredmethods="4" conditionals="0" coveredconditionals="0" statements="17" coveredstatements="17" elements="21" coveredelements="21"/>
        </class>
        <line num="28" type="method" name="__construct" crap="2" count="11"/>
        <line num="30" type="stmt" count="11"/>
        <line num="32" type="stmt" count="11"/>
        <line num="33" type="stmt" count="11"/>
        <line num="36" type="stmt" count="11"/>
        <line num="37" type="stmt" count="11"/>
        <line num="44" type="method" name="getHash" crap="1" count="11"/>
        <line num="46" type="stmt" count="11"/>
        <line num="57" type="method" name="price" crap="5" count="8"/>
        <line num="59" type="stmt" count="8"/>
        <line num="61" type="stmt" count="8"/>
        <line num="62" type="stmt" count="7"/>
        <line num="63" type="stmt" count="7"/>
        <line num="64" type="stmt" count="2"/>
        <line num="66" type="stmt" count="7"/>
        <line num="70" type="stmt" count="8"/>
        <line num="78" type="method" name="find" crap="3" count="1"/>
        <line num="80" type="stmt" count="1"/>
        <line num="81" type="stmt" count="1"/>
        <line num="82" type="stmt" count="1"/>
        <line num="85" type="stmt" count="1"/>
        <metrics loc="86" ncloc="58" classes="1" methods="4" coveredmethods="4" conditionals="0" coveredconditionals="0" statements="17" coveredstatements="17" elements="21" coveredelements="21"/>
      </file>
      <file name="/Users/LukePOLO/PhpstormProjects/laracart/src/LaraCart.php">
        <class name="LaraCart" namespace="LukePOLO\LaraCart">
          <metrics methods="43" coveredmethods="41" conditionals="0" coveredconditionals="0" statements="226" coveredstatements="224" elements="269" coveredelements="265"/>
        </class>
        <line num="38" type="method" name="__construct" crap="1" count="97"/>
        <line num="40" type="stmt" count="97"/>
        <line num="41" type="stmt" count="97"/>
        <line num="42" type="stmt" count="97"/>
        <line num="43" type="stmt" count="97"/>
        <line num="44" type="stmt" count="97"/>
        <line num="45" type="stmt" count="97"/>
        <line num="47" type="stmt" count="97"/>
        <line num="48" type="stmt" count="97"/>
        <line num="55" type="method" name="getInstances" crap="1" count="97"/>
        <line num="57" type="stmt" count="97"/>
        <line num="67" type="method" name="setInstance" crap="2" count="97"/>
        <line num="69" type="stmt" count="97"/>
        <line num="71" type="stmt" count="97"/>
        <line num="73" type="stmt" count="97"/>
        <line num="74" type="stmt" count="97"/>
        <line num="76" type="stmt" count="97"/>
        <line num="78" type="stmt" count="97"/>
        <line num="88" type="method" name="get" crap="5" count="97"/>
        <line num="90" type="stmt" count="97"/>
        <line num="91" type="stmt" count="1"/>
        <line num="92" type="stmt" count="1"/>
        <line num="93" type="stmt" count="1"/>
        <line num="97" type="stmt" count="97"/>
        <line num="98" type="stmt" count="97"/>
        <line num="101" type="stmt" count="97"/>
        <line num="112" type="method" name="getAttribute" crap="1" count="3"/>
        <line num="114" type="stmt" count="3"/>
        <line num="122" type="method" name="getAttributes" crap="1" count="1"/>
        <line num="124" type="stmt" count="1"/>
        <line num="133" type="method" name="setAttribute" crap="1" count="4"/>
        <line num="135" type="stmt" count="4"/>
        <line num="137" type="stmt" count="4"/>
        <line num="138" type="stmt" count="4"/>
        <line num="143" type="method" name="update" crap="3" count="90"/>
        <line num="145" type="stmt" count="90"/>
        <line num="147" type="stmt" count="90"/>
        <line num="148" type="stmt" count="1"/>
        <line num="149" type="stmt" count="1"/>
        <line num="152" type="stmt" count="90"/>
        <line num="154" type="stmt" count="90"/>
        <line num="156" type="stmt" count="90"/>
        <line num="157" type="stmt" count="90"/>
        <line num="164" type="method" name="removeAttribute" crap="1" count="1"/>
        <line num="166" type="stmt" count="1"/>
        <line num="168" type="stmt" count="1"/>
        <line num="169" type="stmt" count="1"/>
        <line num="183" type="method" name="addLine" crap="1" count="3"/>
        <line num="185" type="stmt" count="3"/>
        <line num="203" type="method" name="add" crap="6" count="73"/>
        <line num="212" type="stmt" count="73"/>
        <line num="213" type="stmt" count="5"/>
        <line num="215" type="stmt" count="5"/>
        <line num="216" type="stmt" count="1"/>
        <line num="219" type="stmt" count="5"/>
        <line num="220" type="stmt" count="1"/>
        <line num="223" type="stmt" count="5"/>
        <line num="225" type="stmt" count="5"/>
        <line num="227" type="stmt" count="5"/>
        <line num="228" type="stmt" count="0"/>
        <line num="231" type="stmt" count="5"/>
        <line num="232" type="stmt" count="5"/>
        <line num="234" type="stmt" count="5"/>
        <line num="235" type="stmt" count="5"/>
        <line num="237" type="stmt" count="5"/>
        <line num="240" type="stmt" count="73"/>
        <line num="241" type="stmt" count="73"/>
        <line num="242" type="stmt" count="73"/>
        <line num="243" type="stmt" count="73"/>
        <line num="244" type="stmt" count="73"/>
        <line num="245" type="stmt" count="73"/>
        <line num="246" type="stmt" count="73"/>
        <line num="247" type="stmt" count="73"/>
        <line num="250" type="stmt" count="73"/>
        <line num="252" type="stmt" count="73"/>
        <line num="262" type="method" name="addItem" crap="2" count="73"/>
        <line num="264" type="stmt" count="73"/>
        <line num="266" type="stmt" count="73"/>
        <line num="267" type="stmt" count="6"/>
        <line num="269" type="stmt" count="73"/>
        <line num="272" type="stmt" count="73"/>
        <line num="274" type="stmt" count="73"/>
        <line num="284" type="method" name="increment" crap="1" count="2"/>
        <line num="286" type="stmt" count="2"/>
        <line num="287" type="stmt" count="2"/>
        <line num="288" type="stmt" count="2"/>
        <line num="290" type="stmt" count="2"/>
        <line num="300" type="method" name="decrement" crap="2" count="2"/>
        <line num="302" type="stmt" count="2"/>
        <line num="303" type="stmt" count="2"/>
        <line num="304" type="stmt" count="1"/>
        <line num="305" type="stmt" count="1"/>
        <line num="307" type="stmt" count="1"/>
        <line num="309" type="stmt" count="2"/>
        <line num="310" type="stmt" count="2"/>
        <line num="311" type="stmt" count="2"/>
        <line num="320" type="method" name="find" crap="5" count="7"/>
        <line num="322" type="stmt" count="7"/>
        <line num="324" type="stmt" count="7"/>
        <line num="325" type="stmt" count="6"/>
        <line num="326" type="stmt" count="6"/>
        <line num="330" type="stmt" count="7"/>
        <line num="331" type="stmt" count="7"/>
        <line num="332" type="stmt" count="4"/>
        <line num="334" type="stmt" count="5"/>
        <line num="335" type="stmt" count="4"/>
        <line num="338" type="stmt" count="2"/>
        <line num="349" type="method" name="getItem" crap="1" count="73"/>
        <line num="351" type="stmt" count="73"/>
        <line num="359" type="method" name="getItems" crap="3" count="78"/>
        <line num="361" type="stmt" count="78"/>
        <line num="362" type="stmt" count="78"/>
        <line num="363" type="stmt" count="73"/>
        <line num="364" type="stmt" count="73"/>
        <line num="368" type="stmt" count="78"/>
        <line num="383" type="method" name="updateItem" crap="4" count="2"/>
        <line num="385" type="stmt" count="2"/>
        <line num="386" type="stmt" count="2"/>
        <line num="387" type="stmt" count="1"/>
        <line num="390" type="stmt" count="1"/>
        <line num="393" type="stmt" count="1"/>
        <line num="395" type="stmt" count="1"/>
        <line num="403" type="method" name="removeItem" crap="4" count="4"/>
        <line num="405" type="stmt" count="4"/>
        <line num="406" type="stmt" count="4"/>
        <line num="407" type="stmt" count="4"/>
        <line num="408" type="stmt" count="4"/>
        <line num="409" type="stmt" count="4"/>
        <line num="413" type="stmt" count="4"/>
        <line num="415" type="stmt" count="4"/>
        <line num="417" type="stmt" count="4"/>
        <line num="422" type="method" name="emptyCart" crap="1" count="1"/>
        <line num="424" type="stmt" count="1"/>
        <line num="426" type="stmt" count="1"/>
        <line num="428" type="stmt" count="1"/>
        <line num="429" type="stmt" count="1"/>
        <line num="434" type="method" name="destroyCart" crap="1" count="2"/>
        <line num="436" type="stmt" count="2"/>
        <line num="438" type="stmt" count="2"/>
        <line num="440" type="stmt" count="2"/>
        <line num="442" type="stmt" count="2"/>
        <line num="444" type="stmt" count="2"/>
        <line num="445" type="stmt" count="2"/>
        <line num="452" type="method" name="getCoupons" crap="1" count="4"/>
        <line num="454" type="stmt" count="4"/>
        <line num="464" type="method" name="findCoupon" crap="1" count="36"/>
        <line num="466" type="stmt" count="36"/>
        <line num="474" type="method" name="addCoupon" crap="2" count="17"/>
        <line num="476" type="stmt" count="17"/>
        <line num="477" type="stmt" count="16"/>
        <line num="480" type="stmt" count="17"/>
        <line num="482" type="stmt" count="17"/>
        <line num="483" type="stmt" count="17"/>
        <line num="490" type="method" name="removeCoupon" crap="1" count="1"/>
        <line num="492" type="stmt" count="1"/>
        <line num="493" type="stmt" count="1"/>
        <line num="494" type="stmt" count="1"/>
        <line num="495" type="stmt" count="1"/>
        <line num="500" type="method" name="removeCoupons" crap="1" count="1"/>
        <line num="502" type="stmt" count="1"/>
        <line num="503" type="stmt" count="1"/>
        <line num="504" type="stmt" count="1"/>
        <line num="505" type="stmt" count="1"/>
        <line num="514" type="method" name="getFee" crap="1" count="6"/>
        <line num="516" type="stmt" count="6"/>
        <line num="528" type="method" name="addFee" crap="1" count="15"/>
        <line num="530" type="stmt" count="15"/>
        <line num="532" type="stmt" count="15"/>
        <line num="533" type="stmt" count="15"/>
        <line num="540" type="method" name="removeFee" crap="1" count="1"/>
        <line num="542" type="stmt" count="1"/>
        <line num="544" type="stmt" count="1"/>
        <line num="545" type="stmt" count="1"/>
        <line num="550" type="method" name="removeFees" crap="1" count="1"/>
        <line num="552" type="stmt" count="1"/>
        <line num="554" type="stmt" count="1"/>
        <line num="555" type="stmt" count="1"/>
        <line num="565" type="method" name="taxTotal" crap="9" count="23"/>
        <line num="567" type="stmt" count="23"/>
        <line num="568" type="stmt" count="23"/>
        <line num="569" type="stmt" count="23"/>
        <line num="571" type="stmt" count="23"/>
        <line num="572" type="stmt" count="22"/>
        <line num="573" type="stmt" count="22"/>
        <line num="574" type="stmt" count="16"/>
        <line num="576" type="stmt" count="6"/>
        <line num="577" type="stmt" count="6"/>
        <line num="578" type="stmt" count="5"/>
        <line num="581" type="stmt" count="22"/>
        <line num="586" type="stmt" count="23"/>
        <line num="587" type="stmt" count="23"/>
        <line num="588" type="stmt" count="7"/>
        <line num="589" type="stmt" count="7"/>
        <line num="594" type="stmt" count="23"/>
        <line num="607" type="method" name="total" crap="4" count="16"/>
        <line num="609" type="stmt" count="16"/>
        <line num="611" type="stmt" count="16"/>
        <line num="612" type="stmt" count="16"/>
        <line num="615" type="stmt" count="16"/>
        <line num="616" type="stmt" count="16"/>
        <line num="619" type="stmt" count="16"/>
        <line num="620" type="stmt" count="16"/>
        <line num="623" type="stmt" count="16"/>
        <line num="634" type="method" name="subTotal" crap="3" count="26"/>
        <line num="636" type="stmt" count="26"/>
        <line num="638" type="stmt" count="26"/>
        <line num="639" type="stmt" count="24"/>
        <line num="640" type="stmt" count="24"/>
        <line num="644" type="stmt" count="26"/>
        <line num="654" type="method" name="count" crap="3" count="41"/>
        <line num="656" type="stmt" count="41"/>
        <line num="658" type="stmt" count="41"/>
        <line num="659" type="stmt" count="36"/>
        <line num="660" type="stmt" count="34"/>
        <line num="662" type="stmt" count="36"/>
        <line num="666" type="stmt" count="41"/>
        <line num="679" type="method" name="formatMoney" crap="5" count="45"/>
        <line num="681" type="stmt" count="45"/>
        <line num="683" type="stmt" count="45"/>
        <line num="684" type="stmt" count="19"/>
        <line num="685" type="stmt" count="19"/>
        <line num="687" type="stmt" count="19"/>
        <line num="688" type="stmt" count="19"/>
        <line num="691" type="stmt" count="19"/>
        <line num="694" type="stmt" count="45"/>
        <line num="705" type="method" name="feeTotals" crap="5" count="19"/>
        <line num="707" type="stmt" count="19"/>
        <line num="709" type="stmt" count="19"/>
        <line num="710" type="stmt" count="9"/>
        <line num="712" type="stmt" count="9"/>
        <line num="713" type="stmt" count="9"/>
        <line num="717" type="stmt" count="19"/>
        <line num="725" type="method" name="getFees" crap="1" count="26"/>
        <line num="727" type="stmt" count="26"/>
        <line num="738" type="method" name="totalDiscount" crap="5" count="24"/>
        <line num="740" type="stmt" count="24"/>
        <line num="742" type="stmt" count="24"/>
        <line num="744" type="stmt" count="2"/>
        <line num="745" type="stmt" count="2"/>
        <line num="749" type="stmt" count="24"/>
        <line num="750" type="stmt" count="7"/>
        <line num="751" type="stmt" count="7"/>
        <line num="755" type="stmt" count="24"/>
        <line num="765" type="method" name="isItemModel" crap="3" count="5"/>
        <line num="767" type="stmt" count="5"/>
        <line num="768" type="stmt" count="4"/>
        <line num="771" type="stmt" count="1"/>
        <line num="782" type="method" name="getItemModelOptions" crap="4" count="5"/>
        <line num="784" type="stmt" count="5"/>
        <line num="785" type="stmt" count="5"/>
        <line num="786" type="stmt" count="5"/>
        <line num="789" type="method" name="anonymous function" crap="3.14" count="5"/>
        <line num="790" type="stmt" count="5"/>
        <line num="791" type="stmt" count="0"/>
        <line num="794" type="stmt" count="5"/>
        <line num="795" type="stmt" count="5"/>
        <line num="807" type="method" name="getFromModel" crap="3" count="5"/>
        <line num="809" type="stmt" count="5"/>
        <line num="811" type="stmt" count="5"/>
        <line num="812" type="stmt" count="5"/>
        <line num="813" type="stmt" count="5"/>
        <line num="817" type="stmt" count="5"/>
        <line num="825" type="method" name="removeCouponFromItems" crap="5" count="2"/>
        <line num="827" type="stmt" count="2"/>
        <line num="828" type="stmt" count="1"/>
        <line num="829" type="stmt" count="1"/>
        <line num="830" type="stmt" count="1"/>
        <line num="831" type="stmt" count="1"/>
        <line num="834" type="stmt" count="2"/>
        <metrics loc="835" ncloc="546" classes="1" methods="43" coveredmethods="41" conditionals="0" coveredconditionals="0" statements="226" coveredstatements="224" elements="269" coveredelements="265"/>
      </file>
      <file name="/Users/LukePOLO/PhpstormProjects/laracart/src/LaraCartHasher.php">
        <class name="LaraCartHasher" namespace="LukePOLO\LaraCart">
          <metrics methods="1" coveredmethods="1" conditionals="0" coveredconditionals="0" statements="1" coveredstatements="1" elements="2" coveredelements="2"/>
        </class>
        <line num="7" type="method" name="hash" crap="1" count="71"/>
        <line num="9" type="stmt" count="71"/>
        <metrics loc="11" ncloc="11" classes="1" methods="1" coveredmethods="1" conditionals="0" coveredconditionals="0" statements="1" coveredstatements="1" elements="2" coveredelements="2"/>
      </file>
      <file name="/Users/LukePOLO/PhpstormProjects/laracart/src/LaraCartServiceProvider.php">
        <class name="LaraCartServiceProvider" namespace="LukePOLO\LaraCart">
          <metrics methods="4" coveredmethods="4" conditionals="0" coveredconditionals="0" statements="20" coveredstatements="20" elements="24" coveredelements="24"/>
        </class>
        <line num="17" type="method" name="boot" crap="2" count="97"/>
        <line num="19" type="stmt" count="97"/>
        <line num="20" type="stmt" count="97"/>
        <line num="23" type="stmt" count="97"/>
        <line num="24" type="stmt" count="97"/>
        <line num="25" type="stmt" count="97"/>
        <line num="28" type="stmt" count="97"/>
        <line num="29" type="stmt" count="97"/>
        <line num="30" type="stmt" count="97"/>
        <line num="31" type="stmt" count="97"/>
        <line num="33" type="stmt" count="97"/>
        <line num="40" type="method" name="register" crap="1" count="97"/>
        <line num="43" type="stmt" count="39"/>
        <line num="44" type="stmt" count="97"/>
        <line num="47" type="stmt" count="71"/>
        <line num="48" type="stmt" count="97"/>
        <line num="50" type="stmt" count="97"/>
        <line num="51" type="stmt" count="97"/>
        <line num="52" type="method" name="anonymous function" crap="1" count="97"/>
        <line num="53" type="stmt" count="73"/>
        <line num="54" type="stmt" count="97"/>
        <line num="56" type="stmt" count="97"/>
        <line num="63" type="method" name="migrationHasAlreadyBeenPublished" crap="1" count="97"/>
        <line num="65" type="stmt" count="97"/>
        <line num="67" type="stmt" count="97"/>
        <metrics loc="69" ncloc="51" classes="1" methods="4" coveredmethods="4" conditionals="0" coveredconditionals="0" statements="21" coveredstatements="21" elements="25" coveredelements="25"/>
      </file>
    </package>
    <file name="/Users/LukePOLO/PhpstormProjects/laracart/src/Contracts/CouponContract.php">
      <metrics loc="31" ncloc="12" classes="0" methods="0" coveredmethods="0" conditionals="0" coveredconditionals="0" statements="0" coveredstatements="0" elements="0" coveredelements="0"/>
    </file>
    <file name="/Users/LukePOLO/PhpstormProjects/laracart/src/Contracts/LaraCartContract.php">
      <metrics loc="294" ncloc="81" classes="0" methods="0" coveredmethods="0" conditionals="0" coveredconditionals="0" statements="0" coveredstatements="0" elements="0" coveredelements="0"/>
    </file>
    <package name="LukePOLO\LaraCart\Coupons">
      <file name="/Users/LukePOLO/PhpstormProjects/laracart/src/Coupons/Fixed.php">
        <class name="Fixed" namespace="LukePOLO\LaraCart\Coupons">
          <metrics methods="3" coveredmethods="3" conditionals="0" coveredconditionals="0" statements="16" coveredstatements="16" elements="19" coveredelements="19"/>
        </class>
        <line num="26" type="method" name="__construct" crap="1" count="14"/>
        <line num="28" type="stmt" count="14"/>
        <line num="29" type="stmt" count="14"/>
        <line num="31" type="stmt" count="14"/>
        <line num="32" type="stmt" count="14"/>
        <line num="42" type="method" name="discount" crap="3" count="8"/>
        <line num="44" type="stmt" count="8"/>
        <line num="45" type="stmt" count="8"/>
        <line num="47" type="stmt" count="8"/>
        <line num="48" type="stmt" count="1"/>
        <line num="51" type="stmt" count="8"/>
        <line num="52" type="stmt" count="4"/>
        <line num="55" type="stmt" count="6"/>
        <line num="66" type="method" name="displayValue" crap="1" count="1"/>
        <line num="68" type="stmt" count="1"/>
        <line num="69" type="stmt" count="1"/>
        <line num="70" type="stmt" count="1"/>
        <line num="71" type="stmt" count="1"/>
        <line num="72" type="stmt" count="1"/>
        <metrics loc="75" ncloc="49" classes="1" methods="3" coveredmethods="3" conditionals="0" coveredconditionals="0" statements="16" coveredstatements="16" elements="19" coveredelements="19"/>
      </file>
      <file name="/Users/LukePOLO/PhpstormProjects/laracart/src/Coupons/Percentage.php">
        <class name="Percentage" namespace="LukePOLO\LaraCart\Coupons">
          <metrics methods="3" coveredmethods="3" conditionals="0" coveredconditionals="0" statements="10" coveredstatements="10" elements="13" coveredelements="13"/>
        </class>
        <line num="30" type="method" name="__construct" crap="1" count="3"/>
        <line num="32" type="stmt" count="3"/>
        <line num="33" type="stmt" count="3"/>
        <line num="35" type="stmt" count="3"/>
        <line num="36" type="stmt" count="3"/>
        <line num="46" type="method" name="discount" crap="1" count="3"/>
        <line num="48" type="stmt" count="3"/>
        <line num="49" type="stmt" count="3"/>
        <line num="50" type="stmt" count="3"/>
        <line num="51" type="stmt" count="3"/>
        <line num="52" type="stmt" count="3"/>
        <line num="59" type="method" name="displayValue" crap="1" count="3"/>
        <line num="61" type="stmt" count="3"/>
        <metrics loc="63" ncloc="39" classes="1" methods="3" coveredmethods="3" conditionals="0" coveredconditionals="0" statements="10" coveredstatements="10" elements="13" coveredelements="13"/>
      </file>
    </package>
    <package name="LukePOLO\LaraCart\Exceptions">
      <file name="/Users/LukePOLO/PhpstormProjects/laracart/src/Exceptions/CouponException.php">
        <class name="CouponException" namespace="LukePOLO\LaraCart\Exceptions">
          <metrics methods="0" coveredmethods="0" conditionals="0" coveredconditionals="0" statements="0" coveredstatements="0" elements="0" coveredelements="0"/>
        </class>
        <metrics loc="10" ncloc="7" classes="1" methods="0" coveredmethods="0" conditionals="0" coveredconditionals="0" statements="0" coveredstatements="0" elements="0" coveredelements="0"/>
      </file>
      <file name="/Users/LukePOLO/PhpstormProjects/laracart/src/Exceptions/InvalidPrice.php">
        <class name="InvalidPrice" namespace="LukePOLO\LaraCart\Exceptions">
          <metrics methods="0" coveredmethods="0" conditionals="0" coveredconditionals="0" statements="0" coveredstatements="0" elements="0" coveredelements="0"/>
        </class>
        <metrics loc="10" ncloc="7" classes="1" methods="0" coveredmethods="0" conditionals="0" coveredconditionals="0" statements="0" coveredstatements="0" elements="0" coveredelements="0"/>
      </file>
      <file name="/Users/LukePOLO/PhpstormProjects/laracart/src/Exceptions/InvalidQuantity.php">
        <class name="InvalidQuantity" namespace="LukePOLO\LaraCart\Exceptions">
          <metrics methods="0" coveredmethods="0" conditionals="0" coveredconditionals="0" statements="0" coveredstatements="0" elements="0" coveredelements="0"/>
        </class>
        <metrics loc="10" ncloc="7" classes="1" methods="0" coveredmethods="0" conditionals="0" coveredconditionals="0" statements="0" coveredstatements="0" elements="0" coveredelements="0"/>
      </file>
      <file name="/Users/LukePOLO/PhpstormProjects/laracart/src/Exceptions/InvalidTaxableValue.php">
        <class name="InvalidTaxableValue" namespace="LukePOLO\LaraCart\Exceptions">
          <metrics methods="0" coveredmethods="0" conditionals="0" coveredconditionals="0" statements="0" coveredstatements="0" elements="0" coveredelements="0"/>
        </class>
        <metrics loc="10" ncloc="7" classes="1" methods="0" coveredmethods="0" conditionals="0" coveredconditionals="0" statements="0" coveredstatements="0" elements="0" coveredelements="0"/>
      </file>
      <file name="/Users/LukePOLO/PhpstormProjects/laracart/src/Exceptions/ModelNotFound.php">
        <class name="ModelNotFound" namespace="LukePOLO\LaraCart\Exceptions">
          <metrics methods="0" coveredmethods="0" conditionals="0" coveredconditionals="0" statements="0" coveredstatements="0" elements="0" coveredelements="0"/>
        </class>
        <metrics loc="10" ncloc="7" classes="1" methods="0" coveredmethods="0" conditionals="0" coveredconditionals="0" statements="0" coveredstatements="0" elements="0" coveredelements="0"/>
      </file>
    </package>
    <package name="LukePOLO\LaraCart\Facades">
      <file name="/Users/LukePOLO/PhpstormProjects/laracart/src/Facades/LaraCart.php">
        <class name="LaraCart" namespace="LukePOLO\LaraCart\Facades">
          <metrics methods="1" coveredmethods="0" conditionals="0" coveredconditionals="0" statements="3" coveredstatements="0" elements="4" coveredelements="0"/>
        </class>
        <line num="17" type="method" name="getFacadeAccessor" crap="2" count="0"/>
        <line num="18" type="stmt" count="0"/>
        <line num="19" type="stmt" count="0"/>
        <line num="20" type="stmt" count="0"/>
        <metrics loc="21" ncloc="13" classes="1" methods="1" coveredmethods="0" conditionals="0" coveredconditionals="0" statements="3" coveredstatements="0" elements="4" coveredelements="0"/>
      </file>
    </package>
    <package name="LukePOLO\LaraCart\Traits">
      <file name="/Users/LukePOLO/PhpstormProjects/laracart/src/Traits/CartOptionsMagicMethodsTrait.php">
        <class name="CartOptionsMagicMethodsTrait" namespace="LukePOLO\LaraCart\Traits">
          <metrics methods="3" coveredmethods="3" conditionals="0" coveredconditionals="0" statements="26" coveredstatements="26" elements="29" coveredelements="29"/>
        </class>
        <line num="24" type="method" name="__get" crap="2" count="62"/>
        <line num="27" type="stmt" count="62"/>
        <line num="28" type="stmt" count="62"/>
        <line num="29" type="stmt" count="62"/>
        <line num="43" type="method" name="__set" crap="14" count="74"/>
        <line num="46" type="stmt" count="74"/>
        <line num="47" type="stmt" count="73"/>
        <line num="48" type="stmt" count="1"/>
        <line num="50" type="stmt" count="73"/>
        <line num="51" type="stmt" count="74"/>
        <line num="52" type="stmt" count="73"/>
        <line num="53" type="stmt" count="1"/>
        <line num="55" type="stmt" count="73"/>
        <line num="56" type="stmt" count="74"/>
        <line num="57" type="stmt" count="73"/>
        <line num="58" type="stmt" count="1"/>
        <line num="60" type="stmt" count="73"/>
        <line num="61" type="stmt" count="74"/>
        <line num="62" type="stmt" count="73"/>
        <line num="63" type="stmt" count="1"/>
        <line num="65" type="stmt" count="73"/>
        <line num="67" type="stmt" count="74"/>
        <line num="69" type="stmt" count="74"/>
        <line num="70" type="stmt" count="73"/>
        <line num="72" type="stmt" count="74"/>
        <line num="81" type="method" name="__isset" crap="2" count="10"/>
        <line num="83" type="stmt" count="10"/>
        <line num="84" type="stmt" count="9"/>
        <line num="86" type="stmt" count="3"/>
        <metrics loc="89" ncloc="62" classes="1" methods="3" coveredmethods="3" conditionals="0" coveredconditionals="0" statements="26" coveredstatements="26" elements="29" coveredelements="29"/>
      </file>
      <file name="/Users/LukePOLO/PhpstormProjects/laracart/src/Traits/CouponTrait.php">
        <class name="CouponTrait" namespace="LukePOLO\LaraCart\Traits">
          <metrics methods="7" coveredmethods="7" conditionals="0" coveredconditionals="0" statements="32" coveredstatements="32" elements="39" coveredelements="39"/>
        </class>
        <line num="28" type="method" name="setOptions" crap="2" count="18"/>
        <line num="30" type="stmt" count="18"/>
        <line num="31" type="stmt" count="1"/>
        <line num="33" type="stmt" count="18"/>
        <line num="40" type="method" name="canApply" crap="2" count="2"/>
        <line num="43" type="stmt" count="2"/>
        <line num="45" type="stmt" count="1"/>
        <line num="46" type="stmt" count="1"/>
        <line num="47" type="stmt" count="1"/>
        <line num="74" type="method" name="getFailedMessage" crap="2" count="2"/>
        <line num="77" type="stmt" count="2"/>
        <line num="78" type="stmt" count="1"/>
        <line num="79" type="stmt" count="1"/>
        <line num="81" type="stmt" count="1"/>
        <line num="93" type="method" name="checkMinAmount" crap="3" count="1"/>
        <line num="95" type="stmt" count="1"/>
        <line num="97" type="stmt" count="1"/>
        <line num="98" type="stmt" count="1"/>
        <line num="100" type="stmt" count="1"/>
        <line num="101" type="stmt" count="1"/>
        <line num="103" type="stmt" count="1"/>
        <line num="119" type="method" name="maxDiscount" crap="4" count="1"/>
        <line num="121" type="stmt" count="1"/>
        <line num="122" type="stmt" count="1"/>
        <line num="124" type="stmt" count="1"/>
        <line num="125" type="stmt" count="1"/>
        <line num="127" type="stmt" count="1"/>
        <line num="143" type="method" name="checkValidTimes" crap="3" count="1"/>
        <line num="145" type="stmt" count="1"/>
        <line num="146" type="stmt" count="1"/>
        <line num="148" type="stmt" count="1"/>
        <line num="149" type="stmt" count="1"/>
        <line num="151" type="stmt" count="1"/>
        <line num="163" type="method" name="setDiscountOnItem" crap="1" count="2"/>
        <line num="165" type="stmt" count="2"/>
        <line num="166" type="stmt" count="2"/>
        <line num="167" type="stmt" count="2"/>
        <line num="168" type="stmt" count="2"/>
        <line num="169" type="stmt" count="2"/>
        <metrics loc="170" ncloc="103" classes="1" methods="7" coveredmethods="7" conditionals="0" coveredconditionals="0" statements="32" coveredstatements="32" elements="39" coveredelements="39"/>
      </file>
    </package>
    <file name="/Users/LukePOLO/PhpstormProjects/laracart/src/config/laracart.php">
      <line num="11" type="stmt" count="97"/>
      <line num="33" type="stmt" count="1"/>
      <line num="97" type="stmt" count="1"/>
      <line num="114" type="stmt" count="1"/>
      <line num="115" type="stmt" count="1"/>
      <line num="116" type="stmt" count="1"/>
      <line num="117" type="stmt" count="1"/>
      <line num="118" type="stmt" count="1"/>
      <metrics loc="149" ncloc="35" classes="0" methods="0" coveredmethods="0" conditionals="0" coveredconditionals="0" statements="8" coveredstatements="8" elements="8" coveredelements="8"/>
    </file>
    <metrics files="20" loc="2398" ncloc="1403" classes="17" methods="89" coveredmethods="86" conditionals="0" coveredconditionals="0" statements="474" coveredstatements="469" elements="563" coveredelements="555"/>
  </project>
</coverage>
